\BOOKMARK [0][-]{chapter.1}{\376\377\000N\000a\000m\000e\000s\000p\000a\000c\000e\000\040\000I\000n\000d\000e\000x}{}
\BOOKMARK [1][-]{section.1.1}{\376\377\000N\000a\000m\000e\000s\000p\000a\000c\000e\000\040\000L\000i\000s\000t}{chapter.1}
\BOOKMARK [0][-]{chapter.2}{\376\377\000C\000l\000a\000s\000s\000\040\000I\000n\000d\000e\000x}{}
\BOOKMARK [1][-]{section.2.1}{\376\377\000C\000l\000a\000s\000s\000\040\000L\000i\000s\000t}{chapter.2}
\BOOKMARK [0][-]{chapter.3}{\376\377\000F\000i\000l\000e\000\040\000I\000n\000d\000e\000x}{}
\BOOKMARK [1][-]{section.3.1}{\376\377\000F\000i\000l\000e\000\040\000L\000i\000s\000t}{chapter.3}
\BOOKMARK [0][-]{chapter.4}{\376\377\000N\000a\000m\000e\000s\000p\000a\000c\000e\000\040\000D\000o\000c\000u\000m\000e\000n\000t\000a\000t\000i\000o\000n}{}
\BOOKMARK [1][-]{section.4.1}{\376\377\000s\000r\000p\000p\000\040\000N\000a\000m\000e\000s\000p\000a\000c\000e\000\040\000R\000e\000f\000e\000r\000e\000n\000c\000e}{chapter.4}
\BOOKMARK [2][-]{subsection.4.1.1}{\376\377\000F\000u\000n\000c\000t\000i\000o\000n\000\040\000D\000o\000c\000u\000m\000e\000n\000t\000a\000t\000i\000o\000n}{section.4.1}
\BOOKMARK [3][-]{subsubsection.4.1.1.1}{\376\377\000c\000r\000e\000a\000t\000e\000\137\000a\000n\000d\000\137\000e\000n\000c\000r\000y\000p\000t\000\137\000s\000r\000p\000p}{subsection.4.1.1}
\BOOKMARK [3][-]{subsubsection.4.1.1.2}{\376\377\000c\000r\000e\000a\000t\000e\000\137\000s\000r\000p\000p\000\137\000m\000e\000s\000s\000a\000g\000e}{subsection.4.1.1}
\BOOKMARK [3][-]{subsubsection.4.1.1.3}{\376\377\000c\000r\000e\000a\000t\000e\000\137\000S\000R\000P\000P\000S\000e\000s\000s\000i\000o\000n}{subsection.4.1.1}
\BOOKMARK [3][-]{subsubsection.4.1.1.4}{\376\377\000d\000e\000c\000r\000y\000p\000t\000\137\000s\000r\000p\000p}{subsection.4.1.1}
\BOOKMARK [3][-]{subsubsection.4.1.1.5}{\376\377\000e\000n\000c\000r\000y\000p\000t\000\137\000s\000r\000p\000p}{subsection.4.1.1}
\BOOKMARK [3][-]{subsubsection.4.1.1.6}{\376\377\000i\000n\000i\000t\000\137\000S\000R\000P\000P}{subsection.4.1.1}
\BOOKMARK [3][-]{subsubsection.4.1.1.7}{\376\377\000r\000t\000p\000\137\000t\000o\000\137\000s\000r\000p\000p}{subsection.4.1.1}
\BOOKMARK [3][-]{subsubsection.4.1.1.8}{\376\377\000s\000r\000p\000p\000\137\000t\000o\000\137\000r\000t\000p}{subsection.4.1.1}
\BOOKMARK [3][-]{subsubsection.4.1.1.9}{\376\377\000s\000r\000p\000p\000\137\000t\000o\000\137\000s\000r\000t\000p}{subsection.4.1.1}
\BOOKMARK [3][-]{subsubsection.4.1.1.10}{\376\377\000s\000r\000t\000p\000\137\000t\000o\000\137\000s\000r\000p\000p}{subsection.4.1.1}
\BOOKMARK [0][-]{chapter.5}{\376\377\000C\000l\000a\000s\000s\000\040\000D\000o\000c\000u\000m\000e\000n\000t\000a\000t\000i\000o\000n}{}
\BOOKMARK [1][-]{section.5.1}{\376\377\000C\000l\000i\000e\000n\000t\000S\000o\000c\000k\000e\000t\000\040\000C\000l\000a\000s\000s\000\040\000R\000e\000f\000e\000r\000e\000n\000c\000e}{chapter.5}
\BOOKMARK [2][-]{subsection.5.1.1}{\376\377\000D\000e\000t\000a\000i\000l\000e\000d\000\040\000D\000e\000s\000c\000r\000i\000p\000t\000i\000o\000n}{section.5.1}
\BOOKMARK [2][-]{subsection.5.1.2}{\376\377\000C\000o\000n\000s\000t\000r\000u\000c\000t\000o\000r\000\040\000\046\000\040\000D\000e\000s\000t\000r\000u\000c\000t\000o\000r\000\040\000D\000o\000c\000u\000m\000e\000n\000t\000a\000t\000i\000o\000n}{section.5.1}
\BOOKMARK [3][-]{subsubsection.5.1.2.1}{\376\377\000C\000l\000i\000e\000n\000t\000S\000o\000c\000k\000e\000t}{subsection.5.1.2}
\BOOKMARK [3][-]{subsubsection.5.1.2.2}{\376\377\000C\000l\000i\000e\000n\000t\000S\000o\000c\000k\000e\000t}{subsection.5.1.2}
\BOOKMARK [2][-]{subsection.5.1.3}{\376\377\000M\000e\000m\000b\000e\000r\000\040\000F\000u\000n\000c\000t\000i\000o\000n\000\040\000D\000o\000c\000u\000m\000e\000n\000t\000a\000t\000i\000o\000n}{section.5.1}
\BOOKMARK [3][-]{subsubsection.5.1.3.1}{\376\377\000g\000e\000t\000\137\000r\000t\000p\000\137\000p\000a\000c\000k\000e\000t}{subsection.5.1.3}
\BOOKMARK [3][-]{subsubsection.5.1.3.2}{\376\377\000g\000e\000t\000D\000a\000t\000a}{subsection.5.1.3}
\BOOKMARK [3][-]{subsubsection.5.1.3.3}{\376\377\000p\000u\000t\000D\000a\000t\000a}{subsection.5.1.3}
\BOOKMARK [1][-]{section.5.2}{\376\377\000C\000r\000y\000p\000t\000o\000P\000r\000o\000f\000i\000l\000e\000\040\000C\000l\000a\000s\000s\000\040\000R\000e\000f\000e\000r\000e\000n\000c\000e}{chapter.5}
\BOOKMARK [2][-]{subsection.5.2.1}{\376\377\000D\000e\000t\000a\000i\000l\000e\000d\000\040\000D\000e\000s\000c\000r\000i\000p\000t\000i\000o\000n}{section.5.2}
\BOOKMARK [2][-]{subsection.5.2.2}{\376\377\000C\000o\000n\000s\000t\000r\000u\000c\000t\000o\000r\000\040\000\046\000\040\000D\000e\000s\000t\000r\000u\000c\000t\000o\000r\000\040\000D\000o\000c\000u\000m\000e\000n\000t\000a\000t\000i\000o\000n}{section.5.2}
\BOOKMARK [3][-]{subsubsection.5.2.2.1}{\376\377\000C\000r\000y\000p\000t\000o\000P\000r\000o\000f\000i\000l\000e}{subsection.5.2.2}
\BOOKMARK [3][-]{subsubsection.5.2.2.2}{\376\377\000C\000r\000y\000p\000t\000o\000P\000r\000o\000f\000i\000l\000e}{subsection.5.2.2}
\BOOKMARK [1][-]{section.5.3}{\376\377\000R\000T\000P\000\137\000H\000e\000a\000d\000e\000r\000\040\000S\000t\000r\000u\000c\000t\000\040\000R\000e\000f\000e\000r\000e\000n\000c\000e}{chapter.5}
\BOOKMARK [2][-]{subsection.5.3.1}{\376\377\000D\000e\000t\000a\000i\000l\000e\000d\000\040\000D\000e\000s\000c\000r\000i\000p\000t\000i\000o\000n}{section.5.3}
\BOOKMARK [2][-]{subsection.5.3.2}{\376\377\000M\000e\000m\000b\000e\000r\000\040\000D\000a\000t\000a\000\040\000D\000o\000c\000u\000m\000e\000n\000t\000a\000t\000i\000o\000n}{section.5.3}
\BOOKMARK [3][-]{subsubsection.5.3.2.1}{\376\377\000c\000c}{subsection.5.3.2}
\BOOKMARK [3][-]{subsubsection.5.3.2.2}{\376\377\000c\000s\000r\000c}{subsection.5.3.2}
\BOOKMARK [3][-]{subsubsection.5.3.2.3}{\376\377\000m}{subsection.5.3.2}
\BOOKMARK [3][-]{subsubsection.5.3.2.4}{\376\377\000p}{subsection.5.3.2}
\BOOKMARK [3][-]{subsubsection.5.3.2.5}{\376\377\000p\000t}{subsection.5.3.2}
\BOOKMARK [3][-]{subsubsection.5.3.2.6}{\376\377\000s\000e\000q}{subsection.5.3.2}
\BOOKMARK [3][-]{subsubsection.5.3.2.7}{\376\377\000s\000s\000r\000c}{subsection.5.3.2}
\BOOKMARK [3][-]{subsubsection.5.3.2.8}{\376\377\000t\000s}{subsection.5.3.2}
\BOOKMARK [3][-]{subsubsection.5.3.2.9}{\376\377\000v\000e\000r\000s\000i\000o\000n}{subsection.5.3.2}
\BOOKMARK [3][-]{subsubsection.5.3.2.10}{\376\377\000x}{subsection.5.3.2}
\BOOKMARK [1][-]{section.5.4}{\376\377\000R\000T\000P\000M\000e\000s\000s\000a\000g\000e\000\040\000C\000l\000a\000s\000s\000\040\000R\000e\000f\000e\000r\000e\000n\000c\000e}{chapter.5}
\BOOKMARK [2][-]{subsection.5.4.1}{\376\377\000D\000e\000t\000a\000i\000l\000e\000d\000\040\000D\000e\000s\000c\000r\000i\000p\000t\000i\000o\000n}{section.5.4}
\BOOKMARK [2][-]{subsection.5.4.2}{\376\377\000C\000o\000n\000s\000t\000r\000u\000c\000t\000o\000r\000\040\000\046\000\040\000D\000e\000s\000t\000r\000u\000c\000t\000o\000r\000\040\000D\000o\000c\000u\000m\000e\000n\000t\000a\000t\000i\000o\000n}{section.5.4}
\BOOKMARK [3][-]{subsubsection.5.4.2.1}{\376\377\000R\000T\000P\000M\000e\000s\000s\000a\000g\000e}{subsection.5.4.2}
\BOOKMARK [3][-]{subsubsection.5.4.2.2}{\376\377\000R\000T\000P\000M\000e\000s\000s\000a\000g\000e}{subsection.5.4.2}
\BOOKMARK [2][-]{subsection.5.4.3}{\376\377\000M\000e\000m\000b\000e\000r\000\040\000D\000a\000t\000a\000\040\000D\000o\000c\000u\000m\000e\000n\000t\000a\000t\000i\000o\000n}{section.5.4}
\BOOKMARK [3][-]{subsubsection.5.4.3.1}{\376\377\000p\000a\000y\000l\000o\000a\000d}{subsection.5.4.3}
\BOOKMARK [3][-]{subsubsection.5.4.3.2}{\376\377\000r\000t\000p\000\137\000h\000e\000a\000d\000e\000r}{subsection.5.4.3}
\BOOKMARK [1][-]{section.5.5}{\376\377\000S\000e\000r\000v\000e\000r\000S\000o\000c\000k\000e\000t\000\040\000C\000l\000a\000s\000s\000\040\000R\000e\000f\000e\000r\000e\000n\000c\000e}{chapter.5}
\BOOKMARK [2][-]{subsection.5.5.1}{\376\377\000D\000e\000t\000a\000i\000l\000e\000d\000\040\000D\000e\000s\000c\000r\000i\000p\000t\000i\000o\000n}{section.5.5}
\BOOKMARK [2][-]{subsection.5.5.2}{\376\377\000C\000o\000n\000s\000t\000r\000u\000c\000t\000o\000r\000\040\000\046\000\040\000D\000e\000s\000t\000r\000u\000c\000t\000o\000r\000\040\000D\000o\000c\000u\000m\000e\000n\000t\000a\000t\000i\000o\000n}{section.5.5}
\BOOKMARK [3][-]{subsubsection.5.5.2.1}{\376\377\000S\000e\000r\000v\000e\000r\000S\000o\000c\000k\000e\000t}{subsection.5.5.2}
\BOOKMARK [3][-]{subsubsection.5.5.2.2}{\376\377\000S\000e\000r\000v\000e\000r\000S\000o\000c\000k\000e\000t}{subsection.5.5.2}
\BOOKMARK [2][-]{subsection.5.5.3}{\376\377\000M\000e\000m\000b\000e\000r\000\040\000F\000u\000n\000c\000t\000i\000o\000n\000\040\000D\000o\000c\000u\000m\000e\000n\000t\000a\000t\000i\000o\000n}{section.5.5}
\BOOKMARK [3][-]{subsubsection.5.5.3.1}{\376\377\000g\000e\000t\000D\000a\000t\000a}{subsection.5.5.3}
\BOOKMARK [3][-]{subsubsection.5.5.3.2}{\376\377\000p\000u\000t\000D\000a\000t\000a}{subsection.5.5.3}
\BOOKMARK [1][-]{section.5.6}{\376\377\000S\000R\000P\000P\000E\000n\000c\000r\000y\000p\000t\000e\000d\000\040\000S\000t\000r\000u\000c\000t\000\040\000R\000e\000f\000e\000r\000e\000n\000c\000e}{chapter.5}
\BOOKMARK [2][-]{subsection.5.6.1}{\376\377\000D\000e\000t\000a\000i\000l\000e\000d\000\040\000D\000e\000s\000c\000r\000i\000p\000t\000i\000o\000n}{section.5.6}
\BOOKMARK [2][-]{subsection.5.6.2}{\376\377\000M\000e\000m\000b\000e\000r\000\040\000D\000a\000t\000a\000\040\000D\000o\000c\000u\000m\000e\000n\000t\000a\000t\000i\000o\000n}{section.5.6}
\BOOKMARK [3][-]{subsubsection.5.6.2.1}{\376\377\000d\000u\000m\000m\000y\000\137\000f\000l\000a\000g}{subsection.5.6.2}
\BOOKMARK [3][-]{subsubsection.5.6.2.2}{\376\377\000o\000r\000i\000g\000i\000n\000a\000l\000\137\000p\000a\000d\000d\000i\000n\000g}{subsection.5.6.2}
\BOOKMARK [3][-]{subsubsection.5.6.2.3}{\376\377\000o\000r\000i\000g\000i\000n\000a\000l\000\137\000p\000a\000y\000l\000o\000a\000d}{subsection.5.6.2}
\BOOKMARK [3][-]{subsubsection.5.6.2.4}{\376\377\000o\000r\000i\000g\000i\000n\000a\000l\000\137\000s\000e\000q\000\137\000n\000u\000m\000b\000e\000r}{subsection.5.6.2}
\BOOKMARK [3][-]{subsubsection.5.6.2.5}{\376\377\000p\000a\000d\000\137\000c\000o\000u\000n\000t}{subsection.5.6.2}
\BOOKMARK [3][-]{subsubsection.5.6.2.6}{\376\377\000s\000r\000p\000p\000\137\000p\000a\000d\000d\000i\000n\000g}{subsection.5.6.2}
\BOOKMARK [1][-]{section.5.7}{\376\377\000S\000R\000P\000P\000H\000e\000a\000d\000e\000r\000\040\000S\000t\000r\000u\000c\000t\000\040\000R\000e\000f\000e\000r\000e\000n\000c\000e}{chapter.5}
\BOOKMARK [2][-]{subsection.5.7.1}{\376\377\000D\000e\000t\000a\000i\000l\000e\000d\000\040\000D\000e\000s\000c\000r\000i\000p\000t\000i\000o\000n}{section.5.7}
\BOOKMARK [2][-]{subsection.5.7.2}{\376\377\000M\000e\000m\000b\000e\000r\000\040\000D\000a\000t\000a\000\040\000D\000o\000c\000u\000m\000e\000n\000t\000a\000t\000i\000o\000n}{section.5.7}
\BOOKMARK [3][-]{subsubsection.5.7.2.1}{\376\377\000c\000c}{subsection.5.7.2}
\BOOKMARK [3][-]{subsubsection.5.7.2.2}{\376\377\000c\000s\000r\000c}{subsection.5.7.2}
\BOOKMARK [3][-]{subsubsection.5.7.2.3}{\376\377\000m}{subsection.5.7.2}
\BOOKMARK [3][-]{subsubsection.5.7.2.4}{\376\377\000p}{subsection.5.7.2}
\BOOKMARK [3][-]{subsubsection.5.7.2.5}{\376\377\000p\000t}{subsection.5.7.2}
\BOOKMARK [3][-]{subsubsection.5.7.2.6}{\376\377\000s\000e\000q}{subsection.5.7.2}
\BOOKMARK [3][-]{subsubsection.5.7.2.7}{\376\377\000s\000r\000p\000p\000\137\000s\000i\000g\000n\000a\000l\000l\000i\000n\000g}{subsection.5.7.2}
\BOOKMARK [3][-]{subsubsection.5.7.2.8}{\376\377\000s\000s\000r\000c}{subsection.5.7.2}
\BOOKMARK [3][-]{subsubsection.5.7.2.9}{\376\377\000t\000s}{subsection.5.7.2}
\BOOKMARK [3][-]{subsubsection.5.7.2.10}{\376\377\000v\000e\000r\000s\000i\000o\000n}{subsection.5.7.2}
\BOOKMARK [3][-]{subsubsection.5.7.2.11}{\376\377\000x}{subsection.5.7.2}
\BOOKMARK [1][-]{section.5.8}{\376\377\000S\000R\000P\000P\000M\000e\000s\000s\000a\000g\000e\000\040\000C\000l\000a\000s\000s\000\040\000R\000e\000f\000e\000r\000e\000n\000c\000e}{chapter.5}
\BOOKMARK [2][-]{subsection.5.8.1}{\376\377\000D\000e\000t\000a\000i\000l\000e\000d\000\040\000D\000e\000s\000c\000r\000i\000p\000t\000i\000o\000n}{section.5.8}
\BOOKMARK [2][-]{subsection.5.8.2}{\376\377\000C\000o\000n\000s\000t\000r\000u\000c\000t\000o\000r\000\040\000\046\000\040\000D\000e\000s\000t\000r\000u\000c\000t\000o\000r\000\040\000D\000o\000c\000u\000m\000e\000n\000t\000a\000t\000i\000o\000n}{section.5.8}
\BOOKMARK [3][-]{subsubsection.5.8.2.1}{\376\377\000S\000R\000P\000P\000M\000e\000s\000s\000a\000g\000e}{subsection.5.8.2}
\BOOKMARK [3][-]{subsubsection.5.8.2.2}{\376\377\000S\000R\000P\000P\000M\000e\000s\000s\000a\000g\000e}{subsection.5.8.2}
\BOOKMARK [2][-]{subsection.5.8.3}{\376\377\000M\000e\000m\000b\000e\000r\000\040\000D\000a\000t\000a\000\040\000D\000o\000c\000u\000m\000e\000n\000t\000a\000t\000i\000o\000n}{section.5.8}
\BOOKMARK [3][-]{subsubsection.5.8.3.1}{\376\377\000a\000u\000t\000h\000e\000n\000t\000i\000c\000a\000t\000i\000o\000n\000\137\000t\000a\000g}{subsection.5.8.3}
\BOOKMARK [3][-]{subsubsection.5.8.3.2}{\376\377\000e\000n\000c\000r\000y\000p\000t\000e\000d\000\137\000p\000a\000r\000t}{subsection.5.8.3}
\BOOKMARK [3][-]{subsubsection.5.8.3.3}{\376\377\000s\000r\000p\000p\000\137\000h\000e\000a\000d\000e\000r}{subsection.5.8.3}
\BOOKMARK [1][-]{section.5.9}{\376\377\000S\000R\000P\000P\000S\000e\000s\000s\000i\000o\000n\000\040\000C\000l\000a\000s\000s\000\040\000R\000e\000f\000e\000r\000e\000n\000c\000e}{chapter.5}
\BOOKMARK [2][-]{subsection.5.9.1}{\376\377\000D\000e\000t\000a\000i\000l\000e\000d\000\040\000D\000e\000s\000c\000r\000i\000p\000t\000i\000o\000n}{section.5.9}
\BOOKMARK [2][-]{subsection.5.9.2}{\376\377\000C\000o\000n\000s\000t\000r\000u\000c\000t\000o\000r\000\040\000\046\000\040\000D\000e\000s\000t\000r\000u\000c\000t\000o\000r\000\040\000D\000o\000c\000u\000m\000e\000n\000t\000a\000t\000i\000o\000n}{section.5.9}
\BOOKMARK [3][-]{subsubsection.5.9.2.1}{\376\377\000S\000R\000P\000P\000S\000e\000s\000s\000i\000o\000n}{subsection.5.9.2}
\BOOKMARK [2][-]{subsection.5.9.3}{\376\377\000M\000e\000m\000b\000e\000r\000\040\000D\000a\000t\000a\000\040\000D\000o\000c\000u\000m\000e\000n\000t\000a\000t\000i\000o\000n}{section.5.9}
\BOOKMARK [3][-]{subsubsection.5.9.3.1}{\376\377\000e\000n\000c\000r\000y\000p\000t\000i\000o\000n\000\137\000k\000e\000y}{subsection.5.9.3}
\BOOKMARK [3][-]{subsubsection.5.9.3.2}{\376\377\000m\000y\000P\000o\000r\000t}{subsection.5.9.3}
\BOOKMARK [3][-]{subsubsection.5.9.3.3}{\376\377\000r\000e\000c\000e\000i\000v\000e\000r\000I\000P}{subsection.5.9.3}
\BOOKMARK [3][-]{subsubsection.5.9.3.4}{\376\377\000r\000e\000c\000e\000i\000v\000e\000r\000P\000o\000r\000t}{subsection.5.9.3}
\BOOKMARK [3][-]{subsubsection.5.9.3.5}{\376\377\000s\000t\000a\000r\000t\000T\000i\000m\000e}{subsection.5.9.3}
\BOOKMARK [1][-]{section.5.10}{\376\377\000T\000C\000P\000\137\000C\000l\000i\000e\000n\000t\000S\000o\000c\000k\000e\000t\000\040\000C\000l\000a\000s\000s\000\040\000R\000e\000f\000e\000r\000e\000n\000c\000e}{chapter.5}
\BOOKMARK [2][-]{subsection.5.10.1}{\376\377\000D\000e\000t\000a\000i\000l\000e\000d\000\040\000D\000e\000s\000c\000r\000i\000p\000t\000i\000o\000n}{section.5.10}
\BOOKMARK [2][-]{subsection.5.10.2}{\376\377\000C\000o\000n\000s\000t\000r\000u\000c\000t\000o\000r\000\040\000\046\000\040\000D\000e\000s\000t\000r\000u\000c\000t\000o\000r\000\040\000D\000o\000c\000u\000m\000e\000n\000t\000a\000t\000i\000o\000n}{section.5.10}
\BOOKMARK [3][-]{subsubsection.5.10.2.1}{\376\377\000T\000C\000P\000\137\000C\000l\000i\000e\000n\000t\000S\000o\000c\000k\000e\000t}{subsection.5.10.2}
\BOOKMARK [3][-]{subsubsection.5.10.2.2}{\376\377\000T\000C\000P\000\137\000C\000l\000i\000e\000n\000t\000S\000o\000c\000k\000e\000t}{subsection.5.10.2}
\BOOKMARK [2][-]{subsection.5.10.3}{\376\377\000M\000e\000m\000b\000e\000r\000\040\000F\000u\000n\000c\000t\000i\000o\000n\000\040\000D\000o\000c\000u\000m\000e\000n\000t\000a\000t\000i\000o\000n}{section.5.10}
\BOOKMARK [3][-]{subsubsection.5.10.3.1}{\376\377\000p\000u\000t\000D\000a\000t\000a}{subsection.5.10.3}
\BOOKMARK [3][-]{subsubsection.5.10.3.2}{\376\377\000r\000e\000a\000d\000D\000a\000t\000a}{subsection.5.10.3}
\BOOKMARK [1][-]{section.5.11}{\376\377\000T\000C\000P\000\137\000S\000e\000r\000v\000e\000r\000S\000o\000c\000k\000e\000t\000\040\000C\000l\000a\000s\000s\000\040\000R\000e\000f\000e\000r\000e\000n\000c\000e}{chapter.5}
\BOOKMARK [2][-]{subsection.5.11.1}{\376\377\000D\000e\000t\000a\000i\000l\000e\000d\000\040\000D\000e\000s\000c\000r\000i\000p\000t\000i\000o\000n}{section.5.11}
\BOOKMARK [2][-]{subsection.5.11.2}{\376\377\000C\000o\000n\000s\000t\000r\000u\000c\000t\000o\000r\000\040\000\046\000\040\000D\000e\000s\000t\000r\000u\000c\000t\000o\000r\000\040\000D\000o\000c\000u\000m\000e\000n\000t\000a\000t\000i\000o\000n}{section.5.11}
\BOOKMARK [3][-]{subsubsection.5.11.2.1}{\376\377\000T\000C\000P\000\137\000S\000e\000r\000v\000e\000r\000S\000o\000c\000k\000e\000t}{subsection.5.11.2}
\BOOKMARK [3][-]{subsubsection.5.11.2.2}{\376\377\000T\000C\000P\000\137\000S\000e\000r\000v\000e\000r\000S\000o\000c\000k\000e\000t}{subsection.5.11.2}
\BOOKMARK [2][-]{subsection.5.11.3}{\376\377\000M\000e\000m\000b\000e\000r\000\040\000F\000u\000n\000c\000t\000i\000o\000n\000\040\000D\000o\000c\000u\000m\000e\000n\000t\000a\000t\000i\000o\000n}{section.5.11}
\BOOKMARK [3][-]{subsubsection.5.11.3.1}{\376\377\000g\000e\000t\000D\000a\000t\000a}{subsection.5.11.3}
\BOOKMARK [3][-]{subsubsection.5.11.3.2}{\376\377\000p\000u\000t\000D\000a\000t\000a}{subsection.5.11.3}
\BOOKMARK [0][-]{chapter.6}{\376\377\000F\000i\000l\000e\000\040\000D\000o\000c\000u\000m\000e\000n\000t\000a\000t\000i\000o\000n}{}
\BOOKMARK [1][-]{section.6.1}{\376\377\000/\000h\000o\000m\000e\000/\000s\000a\000s\000w\000a\000t\000/\000w\000o\000r\000k\000s\000p\000a\000c\000e\000p\000/\000s\000r\000p\000p\000/\000i\000n\000c\000l\000u\000d\000e\000/\000C\000l\000i\000e\000n\000t\000S\000o\000c\000k\000e\000t\000.\000h\000\040\000F\000i\000l\000e\000\040\000R\000e\000f\000e\000r\000e\000n\000c\000e}{chapter.6}
\BOOKMARK [1][-]{section.6.2}{\376\377\000/\000h\000o\000m\000e\000/\000s\000a\000s\000w\000a\000t\000/\000w\000o\000r\000k\000s\000p\000a\000c\000e\000p\000/\000s\000r\000p\000p\000/\000i\000n\000c\000l\000u\000d\000e\000/\000S\000e\000r\000v\000e\000r\000S\000o\000c\000k\000e\000t\000.\000h\000\040\000F\000i\000l\000e\000\040\000R\000e\000f\000e\000r\000e\000n\000c\000e}{chapter.6}
\BOOKMARK [1][-]{section.6.3}{\376\377\000/\000h\000o\000m\000e\000/\000s\000a\000s\000w\000a\000t\000/\000w\000o\000r\000k\000s\000p\000a\000c\000e\000p\000/\000s\000r\000p\000p\000/\000i\000n\000c\000l\000u\000d\000e\000/\000S\000Q\000R\000K\000a\000l\000\137\000f\000u\000n\000c\000t\000i\000o\000n\000s\000.\000h\000\040\000F\000i\000l\000e\000\040\000R\000e\000f\000e\000r\000e\000n\000c\000e}{chapter.6}
\BOOKMARK [2][-]{subsection.6.3.1}{\376\377\000F\000u\000n\000c\000t\000i\000o\000n\000\040\000D\000o\000c\000u\000m\000e\000n\000t\000a\000t\000i\000o\000n}{section.6.3}
\BOOKMARK [3][-]{subsubsection.6.3.1.1}{\376\377\000i\000n\000i\000t\000\137\000G\000U\000I}{subsection.6.3.1}
\BOOKMARK [3][-]{subsubsection.6.3.1.2}{\376\377\000i\000n\000i\000t\000\137\000S\000Q\000R\000K\000a\000l}{subsection.6.3.1}
\BOOKMARK [3][-]{subsubsection.6.3.1.3}{\376\377\000s\000t\000a\000r\000t\000\137\000S\000R\000P\000P}{subsection.6.3.1}
\BOOKMARK [1][-]{section.6.4}{\376\377\000/\000h\000o\000m\000e\000/\000s\000a\000s\000w\000a\000t\000/\000w\000o\000r\000k\000s\000p\000a\000c\000e\000p\000/\000s\000r\000p\000p\000/\000i\000n\000c\000l\000u\000d\000e\000/\000T\000C\000P\000\137\000C\000l\000i\000e\000n\000t\000S\000o\000c\000k\000e\000t\000.\000c\000p\000p\000\040\000F\000i\000l\000e\000\040\000R\000e\000f\000e\000r\000e\000n\000c\000e}{chapter.6}
\BOOKMARK [1][-]{section.6.5}{\376\377\000/\000h\000o\000m\000e\000/\000s\000a\000s\000w\000a\000t\000/\000w\000o\000r\000k\000s\000p\000a\000c\000e\000p\000/\000s\000r\000p\000p\000/\000i\000n\000c\000l\000u\000d\000e\000/\000T\000C\000P\000\137\000C\000l\000i\000e\000n\000t\000S\000o\000c\000k\000e\000t\000.\000h\000\040\000F\000i\000l\000e\000\040\000R\000e\000f\000e\000r\000e\000n\000c\000e}{chapter.6}
\BOOKMARK [2][-]{subsection.6.5.1}{\376\377\000D\000e\000f\000i\000n\000e\000\040\000D\000o\000c\000u\000m\000e\000n\000t\000a\000t\000i\000o\000n}{section.6.5}
\BOOKMARK [3][-]{subsubsection.6.5.1.1}{\376\377\000B\000U\000F\000F\000E\000R\000\137\000S\000I\000Z\000E}{subsection.6.5.1}
\BOOKMARK [3][-]{subsubsection.6.5.1.2}{\376\377\000H\000O\000S\000T\000\137\000N\000A\000M\000E\000\137\000S\000I\000Z\000E}{subsection.6.5.1}
\BOOKMARK [3][-]{subsubsection.6.5.1.3}{\376\377\000S\000O\000C\000K\000E\000T\000\137\000E\000R\000R\000O\000R}{subsection.6.5.1}
\BOOKMARK [1][-]{section.6.6}{\376\377\000/\000h\000o\000m\000e\000/\000s\000a\000s\000w\000a\000t\000/\000w\000o\000r\000k\000s\000p\000a\000c\000e\000p\000/\000s\000r\000p\000p\000/\000i\000n\000c\000l\000u\000d\000e\000/\000T\000C\000P\000\137\000S\000e\000r\000v\000e\000r\000S\000o\000c\000k\000e\000t\000.\000c\000p\000p\000\040\000F\000i\000l\000e\000\040\000R\000e\000f\000e\000r\000e\000n\000c\000e}{chapter.6}
\BOOKMARK [1][-]{section.6.7}{\376\377\000/\000h\000o\000m\000e\000/\000s\000a\000s\000w\000a\000t\000/\000w\000o\000r\000k\000s\000p\000a\000c\000e\000p\000/\000s\000r\000p\000p\000/\000i\000n\000c\000l\000u\000d\000e\000/\000T\000C\000P\000\137\000S\000e\000r\000v\000e\000r\000S\000o\000c\000k\000e\000t\000.\000h\000\040\000F\000i\000l\000e\000\040\000R\000e\000f\000e\000r\000e\000n\000c\000e}{chapter.6}
\BOOKMARK [2][-]{subsection.6.7.1}{\376\377\000D\000e\000f\000i\000n\000e\000\040\000D\000o\000c\000u\000m\000e\000n\000t\000a\000t\000i\000o\000n}{section.6.7}
\BOOKMARK [3][-]{subsubsection.6.7.1.1}{\376\377\000B\000U\000F\000F\000E\000R\000\137\000S\000I\000Z\000E}{subsection.6.7.1}
\BOOKMARK [3][-]{subsubsection.6.7.1.2}{\376\377\000M\000E\000S\000S\000A\000G\000E}{subsection.6.7.1}
\BOOKMARK [3][-]{subsubsection.6.7.1.3}{\376\377\000Q\000U\000E\000U\000E\000\137\000S\000I\000Z\000E}{subsection.6.7.1}
\BOOKMARK [3][-]{subsubsection.6.7.1.4}{\376\377\000S\000O\000C\000K\000E\000T\000\137\000E\000R\000R\000O\000R}{subsection.6.7.1}
\BOOKMARK [1][-]{section.6.8}{\376\377\000/\000h\000o\000m\000e\000/\000s\000a\000s\000w\000a\000t\000/\000w\000o\000r\000k\000s\000p\000a\000c\000e\000p\000/\000s\000r\000p\000p\000/\000s\000r\000c\000/\000C\000l\000i\000e\000n\000t\000S\000o\000c\000k\000e\000t\000.\000c\000p\000p\000\040\000F\000i\000l\000e\000\040\000R\000e\000f\000e\000r\000e\000n\000c\000e}{chapter.6}
\BOOKMARK [2][-]{subsection.6.8.1}{\376\377\000F\000u\000n\000c\000t\000i\000o\000n\000\040\000D\000o\000c\000u\000m\000e\000n\000t\000a\000t\000i\000o\000n}{section.6.8}
\BOOKMARK [3][-]{subsubsection.6.8.1.1}{\376\377\000B\000Y\000E\000D\000e\000s\000t\000r\000o\000y}{subsection.6.8.1}
\BOOKMARK [1][-]{section.6.9}{\376\377\000/\000h\000o\000m\000e\000/\000s\000a\000s\000w\000a\000t\000/\000w\000o\000r\000k\000s\000p\000a\000c\000e\000p\000/\000s\000r\000p\000p\000/\000s\000r\000c\000/\000l\000i\000b\000S\000R\000P\000P\000/\000i\000n\000c\000l\000u\000d\000e\000/\000C\000r\000y\000p\000t\000o\000P\000r\000o\000f\000i\000l\000e\000.\000h\000p\000p\000\040\000F\000i\000l\000e\000\040\000R\000e\000f\000e\000r\000e\000n\000c\000e}{chapter.6}
\BOOKMARK [1][-]{section.6.10}{\376\377\000/\000h\000o\000m\000e\000/\000s\000a\000s\000w\000a\000t\000/\000w\000o\000r\000k\000s\000p\000a\000c\000e\000p\000/\000s\000r\000p\000p\000/\000s\000r\000c\000/\000l\000i\000b\000S\000R\000P\000P\000/\000i\000n\000c\000l\000u\000d\000e\000/\000P\000a\000d\000d\000i\000n\000g\000\137\000A\000l\000g\000o\000r\000i\000t\000h\000m\000s\000.\000h\000\040\000F\000i\000l\000e\000\040\000R\000e\000f\000e\000r\000e\000n\000c\000e}{chapter.6}
\BOOKMARK [1][-]{section.6.11}{\376\377\000/\000h\000o\000m\000e\000/\000s\000a\000s\000w\000a\000t\000/\000w\000o\000r\000k\000s\000p\000a\000c\000e\000p\000/\000s\000r\000p\000p\000/\000s\000r\000c\000/\000l\000i\000b\000S\000R\000P\000P\000/\000i\000n\000c\000l\000u\000d\000e\000/\000P\000a\000d\000d\000i\000n\000g\000\137\000f\000u\000n\000c\000t\000i\000o\000n\000s\000.\000h\000\040\000F\000i\000l\000e\000\040\000R\000e\000f\000e\000r\000e\000n\000c\000e}{chapter.6}
\BOOKMARK [1][-]{section.6.12}{\376\377\000/\000h\000o\000m\000e\000/\000s\000a\000s\000w\000a\000t\000/\000w\000o\000r\000k\000s\000p\000a\000c\000e\000p\000/\000s\000r\000p\000p\000/\000s\000r\000c\000/\000l\000i\000b\000S\000R\000P\000P\000/\000i\000n\000c\000l\000u\000d\000e\000/\000r\000t\000p\000.\000h\000p\000p\000\040\000F\000i\000l\000e\000\040\000R\000e\000f\000e\000r\000e\000n\000c\000e}{chapter.6}
\BOOKMARK [2][-]{subsection.6.12.1}{\376\377\000D\000e\000t\000a\000i\000l\000e\000d\000\040\000D\000e\000s\000c\000r\000i\000p\000t\000i\000o\000n}{section.6.12}
\BOOKMARK [1][-]{section.6.13}{\376\377\000/\000h\000o\000m\000e\000/\000s\000a\000s\000w\000a\000t\000/\000w\000o\000r\000k\000s\000p\000a\000c\000e\000p\000/\000s\000r\000p\000p\000/\000s\000r\000c\000/\000l\000i\000b\000S\000R\000P\000P\000/\000i\000n\000c\000l\000u\000d\000e\000/\000S\000R\000P\000P\000\137\000f\000u\000n\000c\000t\000i\000o\000n\000s\000.\000h\000\040\000F\000i\000l\000e\000\040\000R\000e\000f\000e\000r\000e\000n\000c\000e}{chapter.6}
\BOOKMARK [2][-]{subsection.6.13.1}{\376\377\000D\000e\000f\000i\000n\000e\000\040\000D\000o\000c\000u\000m\000e\000n\000t\000a\000t\000i\000o\000n}{section.6.13}
\BOOKMARK [3][-]{subsubsection.6.13.1.1}{\376\377\000S\000R\000P\000P\000\137\000S\000E\000S\000S\000I\000O\000N}{subsection.6.13.1}
\BOOKMARK [1][-]{section.6.14}{\376\377\000/\000h\000o\000m\000e\000/\000s\000a\000s\000w\000a\000t\000/\000w\000o\000r\000k\000s\000p\000a\000c\000e\000p\000/\000s\000r\000p\000p\000/\000s\000r\000c\000/\000l\000i\000b\000S\000R\000P\000P\000/\000i\000n\000c\000l\000u\000d\000e\000/\000S\000R\000P\000P\000M\000e\000s\000s\000a\000g\000e\000.\000h\000p\000p\000\040\000F\000i\000l\000e\000\040\000R\000e\000f\000e\000r\000e\000n\000c\000e}{chapter.6}
\BOOKMARK [2][-]{subsection.6.14.1}{\376\377\000T\000y\000p\000e\000d\000e\000f\000\040\000D\000o\000c\000u\000m\000e\000n\000t\000a\000t\000i\000o\000n}{section.6.14}
\BOOKMARK [3][-]{subsubsection.6.14.1.1}{\376\377\000S\000R\000P\000P\000E\000n\000c\000r\000y\000p\000t\000e\000d}{subsection.6.14.1}
\BOOKMARK [3][-]{subsubsection.6.14.1.2}{\376\377\000S\000R\000P\000P\000H\000e\000a\000d\000e\000r}{subsection.6.14.1}
\BOOKMARK [1][-]{section.6.15}{\376\377\000/\000h\000o\000m\000e\000/\000s\000a\000s\000w\000a\000t\000/\000w\000o\000r\000k\000s\000p\000a\000c\000e\000p\000/\000s\000r\000p\000p\000/\000s\000r\000c\000/\000l\000i\000b\000S\000R\000P\000P\000/\000i\000n\000c\000l\000u\000d\000e\000/\000S\000R\000P\000P\000S\000e\000s\000s\000i\000o\000n\000.\000h\000p\000p\000\040\000F\000i\000l\000e\000\040\000R\000e\000f\000e\000r\000e\000n\000c\000e}{chapter.6}
\BOOKMARK [1][-]{section.6.16}{\376\377\000/\000h\000o\000m\000e\000/\000s\000a\000s\000w\000a\000t\000/\000w\000o\000r\000k\000s\000p\000a\000c\000e\000p\000/\000s\000r\000p\000p\000/\000s\000r\000c\000/\000l\000i\000b\000S\000R\000P\000P\000/\000P\000a\000d\000d\000i\000n\000g\000\137\000A\000l\000g\000o\000r\000i\000t\000h\000m\000s\000.\000c\000p\000p\000\040\000F\000i\000l\000e\000\040\000R\000e\000f\000e\000r\000e\000n\000c\000e}{chapter.6}
\BOOKMARK [1][-]{section.6.17}{\376\377\000/\000h\000o\000m\000e\000/\000s\000a\000s\000w\000a\000t\000/\000w\000o\000r\000k\000s\000p\000a\000c\000e\000p\000/\000s\000r\000p\000p\000/\000s\000r\000c\000/\000l\000i\000b\000S\000R\000P\000P\000/\000P\000a\000d\000d\000i\000n\000g\000\137\000f\000u\000n\000c\000t\000i\000o\000n\000s\000.\000c\000p\000p\000\040\000F\000i\000l\000e\000\040\000R\000e\000f\000e\000r\000e\000n\000c\000e}{chapter.6}
\BOOKMARK [1][-]{section.6.18}{\376\377\000/\000h\000o\000m\000e\000/\000s\000a\000s\000w\000a\000t\000/\000w\000o\000r\000k\000s\000p\000a\000c\000e\000p\000/\000s\000r\000p\000p\000/\000s\000r\000c\000/\000l\000i\000b\000S\000R\000P\000P\000/\000S\000R\000P\000P\000\137\000f\000u\000n\000c\000t\000i\000o\000n\000s\000.\000c\000p\000p\000\040\000F\000i\000l\000e\000\040\000R\000e\000f\000e\000r\000e\000n\000c\000e}{chapter.6}
\BOOKMARK [1][-]{section.6.19}{\376\377\000/\000h\000o\000m\000e\000/\000s\000a\000s\000w\000a\000t\000/\000w\000o\000r\000k\000s\000p\000a\000c\000e\000p\000/\000s\000r\000p\000p\000/\000s\000r\000c\000/\000S\000e\000r\000v\000e\000r\000S\000o\000c\000k\000e\000t\000.\000c\000p\000p\000\040\000F\000i\000l\000e\000\040\000R\000e\000f\000e\000r\000e\000n\000c\000e}{chapter.6}
\BOOKMARK [1][-]{section.6.20}{\376\377\000/\000h\000o\000m\000e\000/\000s\000a\000s\000w\000a\000t\000/\000w\000o\000r\000k\000s\000p\000a\000c\000e\000p\000/\000s\000r\000p\000p\000/\000s\000r\000c\000/\000S\000Q\000R\000K\000a\000l\000\137\000f\000u\000n\000c\000t\000i\000o\000n\000s\000.\000c\000p\000p\000\040\000F\000i\000l\000e\000\040\000R\000e\000f\000e\000r\000e\000n\000c\000e}{chapter.6}
\BOOKMARK [2][-]{subsection.6.20.1}{\376\377\000F\000u\000n\000c\000t\000i\000o\000n\000\040\000D\000o\000c\000u\000m\000e\000n\000t\000a\000t\000i\000o\000n}{section.6.20}
\BOOKMARK [3][-]{subsubsection.6.20.1.1}{\376\377\000i\000n\000i\000t\000\137\000G\000U\000I}{subsection.6.20.1}
\BOOKMARK [3][-]{subsubsection.6.20.1.2}{\376\377\000i\000n\000i\000t\000\137\000S\000Q\000R\000K\000a\000l}{subsection.6.20.1}
\BOOKMARK [3][-]{subsubsection.6.20.1.3}{\376\377\000s\000t\000a\000r\000t\000\137\000S\000R\000P\000P}{subsection.6.20.1}
